Begin changelog.  
Sat Dec  9 2017
1.9M    TermuxArch/
1.6M    TermuxArch/.git
Wed Jan 10 2018
4.9M    TermuxArch/
4.5M    TermuxArch/.git
Computed on 20180117 branch master:
1.2M	.git
1.9M	.
Computed on 20180129 branch master:
8.8M	.git
11M	.
Computed on 20180204 branch master:
14M	.git
16M	.
Computed on 20180719 branch master:
32.8M	.git
38.5M	.
Computed on 20180919 branch master:
90.7M	.git
96.2M	.
Computed on 20180919 branch master:
3.2M	.git
8.7M	.
Computed on 20180920 branch master:
556.0K	.git
808.0K	.
Computed on 20180920 branch master:
4.0M	.git
11.3M	.
Computed on 20190603 branch master:
Size in KB
3776	.git
4044	.
Computed on 20190603 branch master:
Size in KB
3780	.git
4048	.
RESET: size
Size in KB
388	.git
656	.
Computed on 20190611 branch master:
Size in KB
692	.git
1044	.
Computed on 20190724 branch master:
Size in KB
1876	.git
2208	.
